<?xml version="1.0" encoding="UTF-8"?>
<!-- Generated by org.testng.reporters.JUnitReportReporter -->
<testsuite skipped="0" hostname="PF2QZN3Y" name="com.tests.AmazonTest" tests="3" failures="0" timestamp="2022-07-07T21:38:13 IST" time="26.206" errors="0">
  <testcase name="verifyTitleIsAsExpected" time="6.561" classname="com.tests.AmazonTest"/>
  <system-out/>
  <testcase name="verifyLogoIsDisplayed" time="6.956" classname="com.tests.AmazonTest"/>
  <system-out/>
  <testcase name="SearchTest" time="12.689" classname="com.tests.AmazonTest"/>
  <system-out/>
</testsuite> <!-- com.tests.AmazonTest -->
